2021-12-09 12:55:31.079 [main] INFO  org.example.PlayMusic - name=some name
2021-12-09 12:56:39.395 [main] DEBUG org.springframework.context.support.ClassPathXmlApplicationContext - Refreshing org.springframework.context.support.ClassPathXmlApplicationContext@5be49b60
2021-12-09 12:56:39.550 [main] DEBUG org.springframework.beans.factory.xml.XmlBeanDefinitionReader - Loaded 3 bean definitions from class path resource [applicationContext.xml]
2021-12-09 12:56:39.572 [main] DEBUG org.springframework.beans.factory.support.DefaultListableBeanFactory - Creating shared instance of singleton bean 'org.springframework.context.support.PropertySourcesPlaceholderConfigurer#0'
2021-12-09 12:56:39.632 [main] DEBUG org.springframework.core.env.PropertySourcesPropertyResolver - Found key 'playMusic.name' in PropertySource 'localProperties' with value of type String
2021-12-09 12:56:39.632 [main] DEBUG org.springframework.core.env.PropertySourcesPropertyResolver - Found key 'playMusic.volume' in PropertySource 'localProperties' with value of type String
2021-12-09 12:56:39.638 [main] DEBUG org.springframework.beans.factory.support.DefaultListableBeanFactory - Creating shared instance of singleton bean 'musicBean'
2021-12-09 12:56:39.692 [main] INFO  org.example.PlayMusic - name=some name
2021-12-09 12:56:39.696 [main] DEBUG org.springframework.context.support.ClassPathXmlApplicationContext - Closing org.springframework.context.support.ClassPathXmlApplicationContext@5be49b60, started on Thu Dec 09 12:56:39 ALMT 2021
2021-12-09 12:57:48.754 [main] DEBUG org.springframework.context.support.ClassPathXmlApplicationContext - Refreshing org.springframework.context.support.ClassPathXmlApplicationContext@5be49b60
2021-12-09 12:57:48.891 [main] DEBUG org.springframework.beans.factory.xml.XmlBeanDefinitionReader - Loaded 3 bean definitions from class path resource [applicationContext.xml]
2021-12-09 12:57:48.902 [main] DEBUG org.springframework.beans.factory.support.DefaultListableBeanFactory - Creating shared instance of singleton bean 'org.springframework.context.support.PropertySourcesPlaceholderConfigurer#0'
2021-12-09 12:57:48.945 [main] DEBUG org.springframework.core.env.PropertySourcesPropertyResolver - Found key 'playMusic.name' in PropertySource 'localProperties' with value of type String
2021-12-09 12:57:48.945 [main] DEBUG org.springframework.core.env.PropertySourcesPropertyResolver - Found key 'playMusic.volume' in PropertySource 'localProperties' with value of type String
2021-12-09 12:57:48.950 [main] DEBUG org.springframework.beans.factory.support.DefaultListableBeanFactory - Creating shared instance of singleton bean 'musicBean'
2021-12-09 12:57:49.004 [main] DEBUG org.example.PlayMusic - name=some name
2021-12-09 12:57:49.015 [main] DEBUG org.springframework.context.support.ClassPathXmlApplicationContext - Closing org.springframework.context.support.ClassPathXmlApplicationContext@5be49b60, started on Thu Dec 09 12:57:48 ALMT 2021
2021-12-09 14:12:50.208 [main] DEBUG org.springframework.context.support.ClassPathXmlApplicationContext - Refreshing org.springframework.context.support.ClassPathXmlApplicationContext@7674b62c
2021-12-09 14:12:50.437 [main] DEBUG org.springframework.beans.factory.xml.XmlBeanDefinitionReader - Loaded 3 bean definitions from class path resource [applicationContext.xml]
2021-12-09 14:12:50.452 [main] DEBUG org.springframework.beans.factory.support.DefaultListableBeanFactory - Creating shared instance of singleton bean 'org.springframework.context.support.PropertySourcesPlaceholderConfigurer#0'
2021-12-09 14:12:50.519 [main] DEBUG org.springframework.core.env.PropertySourcesPropertyResolver - Found key 'playMusic.name' in PropertySource 'localProperties' with value of type String
2021-12-09 14:12:50.519 [main] DEBUG org.springframework.core.env.PropertySourcesPropertyResolver - Found key 'playMusic.volume' in PropertySource 'localProperties' with value of type String
2021-12-09 14:12:50.527 [main] DEBUG org.springframework.beans.factory.support.DefaultListableBeanFactory - Creating shared instance of singleton bean 'musicBean'
2021-12-09 14:12:50.597 [main] DEBUG org.example.PlayMusic - name=some name
2021-12-09 14:12:50.603 [main] DEBUG org.springframework.context.support.ClassPathXmlApplicationContext - Closing org.springframework.context.support.ClassPathXmlApplicationContext@7674b62c, started on Thu Dec 09 14:12:50 ALMT 2021
2021-12-09 14:13:54.900 [main] DEBUG org.springframework.context.support.ClassPathXmlApplicationContext - Refreshing org.springframework.context.support.ClassPathXmlApplicationContext@19e7a160
2021-12-09 14:13:55.122 [main] DEBUG org.springframework.beans.factory.xml.XmlBeanDefinitionReader - Loaded 3 bean definitions from class path resource [applicationContext.xml]
2021-12-09 14:13:55.138 [main] DEBUG org.springframework.beans.factory.support.DefaultListableBeanFactory - Creating shared instance of singleton bean 'org.springframework.context.support.PropertySourcesPlaceholderConfigurer#0'
2021-12-09 14:13:55.206 [main] DEBUG org.springframework.core.env.PropertySourcesPropertyResolver - Found key 'playMusic.name' in PropertySource 'localProperties' with value of type String
2021-12-09 14:13:55.206 [main] DEBUG org.springframework.core.env.PropertySourcesPropertyResolver - Found key 'playMusic.volume' in PropertySource 'localProperties' with value of type String
2021-12-09 14:13:55.213 [main] DEBUG org.springframework.beans.factory.support.DefaultListableBeanFactory - Creating shared instance of singleton bean 'musicBean'
2021-12-09 14:13:55.276 [main] DEBUG org.example.PlayMusic - name=some name
2021-12-09 14:13:55.276 [main] WARN  org.example.PlayMusic - name=some name
2021-12-09 14:13:55.282 [main] DEBUG org.springframework.context.support.ClassPathXmlApplicationContext - Closing org.springframework.context.support.ClassPathXmlApplicationContext@19e7a160, started on Thu Dec 09 14:13:54 ALMT 2021
2021-12-09 14:17:51.460 [main] DEBUG org.springframework.context.support.ClassPathXmlApplicationContext - Refreshing org.springframework.context.support.ClassPathXmlApplicationContext@662706a7
2021-12-09 14:17:51.596 [main] DEBUG org.springframework.beans.factory.xml.XmlBeanDefinitionReader - Loaded 3 bean definitions from class path resource [applicationContext.xml]
2021-12-09 14:17:51.609 [main] DEBUG org.springframework.beans.factory.support.DefaultListableBeanFactory - Creating shared instance of singleton bean 'org.springframework.context.support.PropertySourcesPlaceholderConfigurer#0'
2021-12-09 14:17:51.648 [main] DEBUG org.springframework.core.env.PropertySourcesPropertyResolver - Found key 'playMusic.name' in PropertySource 'localProperties' with value of type String
2021-12-09 14:17:51.648 [main] DEBUG org.springframework.core.env.PropertySourcesPropertyResolver - Found key 'playMusic.volume' in PropertySource 'localProperties' with value of type String
2021-12-09 14:17:51.654 [main] DEBUG org.springframework.beans.factory.support.DefaultListableBeanFactory - Creating shared instance of singleton bean 'musicBean'
2021-12-09 14:17:51.714 [main] DEBUG org.springframework.context.support.ClassPathXmlApplicationContext - Closing org.springframework.context.support.ClassPathXmlApplicationContext@662706a7, started on Thu Dec 09 14:17:51 ALMT 2021
2021-12-09 14:37:31.828 [main] WARN  org.example.PlayMusic - name=some name
2021-12-09 14:44:14.501 [main] WARN  org.example.PlayMusic - name=some name
2021-12-09 14:44:14.504 [main] ERROR org.example.PlayMusic - name=some name
2021-12-09 14:44:14.504 [main] INFO  org.example.PlayMusic - name=some name
2021-12-09 14:44:52.417 [main] WARN  org.example.PlayMusic - name=some name
2021-12-09 14:44:52.422 [main] ERROR org.example.PlayMusic - name=some name
2021-12-09 14:44:52.422 [main] INFO  org.example.PlayMusic - name=some name
2021-12-09 14:45:12.603 [main] DEBUG org.springframework.context.support.ClassPathXmlApplicationContext - Refreshing org.springframework.context.support.ClassPathXmlApplicationContext@40317ba2
2021-12-09 14:45:12.727 [main] DEBUG org.springframework.beans.factory.xml.XmlBeanDefinitionReader - Loaded 3 bean definitions from class path resource [applicationContext.xml]
2021-12-09 14:45:12.739 [main] DEBUG org.springframework.beans.factory.support.DefaultListableBeanFactory - Creating shared instance of singleton bean 'org.springframework.context.support.PropertySourcesPlaceholderConfigurer#0'
2021-12-09 14:45:12.775 [main] DEBUG org.springframework.core.env.PropertySourcesPropertyResolver - Found key 'playMusic.name' in PropertySource 'localProperties' with value of type String
2021-12-09 14:45:12.776 [main] DEBUG org.springframework.core.env.PropertySourcesPropertyResolver - Found key 'playMusic.volume' in PropertySource 'localProperties' with value of type String
2021-12-09 14:45:12.780 [main] DEBUG org.springframework.beans.factory.support.DefaultListableBeanFactory - Creating shared instance of singleton bean 'musicBean'
2021-12-09 14:45:12.835 [main] DEBUG org.example.PlayMusic - name=some name
2021-12-09 14:45:12.835 [main] WARN  org.example.PlayMusic - name=some name
2021-12-09 14:45:12.836 [main] ERROR org.example.PlayMusic - name=some name
2021-12-09 14:45:12.836 [main] INFO  org.example.PlayMusic - name=some name
2021-12-09 14:45:12.844 [main] DEBUG org.springframework.context.support.ClassPathXmlApplicationContext - Closing org.springframework.context.support.ClassPathXmlApplicationContext@40317ba2, started on Thu Dec 09 14:45:12 ALMT 2021
2021-12-09 14:46:15.645 [main] DEBUG org.springframework.context.support.ClassPathXmlApplicationContext - Refreshing org.springframework.context.support.ClassPathXmlApplicationContext@40317ba2
2021-12-09 14:46:15.809 [main] DEBUG org.springframework.beans.factory.xml.XmlBeanDefinitionReader - Loaded 3 bean definitions from class path resource [applicationContext.xml]
2021-12-09 14:46:15.827 [main] DEBUG org.springframework.beans.factory.support.DefaultListableBeanFactory - Creating shared instance of singleton bean 'org.springframework.context.support.PropertySourcesPlaceholderConfigurer#0'
2021-12-09 14:46:15.876 [main] DEBUG org.springframework.core.env.PropertySourcesPropertyResolver - Found key 'playMusic.name' in PropertySource 'localProperties' with value of type String
2021-12-09 14:46:15.877 [main] DEBUG org.springframework.core.env.PropertySourcesPropertyResolver - Found key 'playMusic.volume' in PropertySource 'localProperties' with value of type String
2021-12-09 14:46:15.884 [main] DEBUG org.springframework.beans.factory.support.DefaultListableBeanFactory - Creating shared instance of singleton bean 'musicBean'
2021-12-09 14:46:15.954 [main] DEBUG org.springframework.context.support.ClassPathXmlApplicationContext - Closing org.springframework.context.support.ClassPathXmlApplicationContext@40317ba2, started on Thu Dec 09 14:46:15 ALMT 2021
2021-12-09 14:47:30.851 [main] DEBUG org.springframework.context.support.ClassPathXmlApplicationContext - Refreshing org.springframework.context.support.ClassPathXmlApplicationContext@40317ba2
2021-12-09 14:47:30.980 [main] DEBUG org.springframework.beans.factory.xml.XmlBeanDefinitionReader - Loaded 3 bean definitions from class path resource [applicationContext.xml]
2021-12-09 14:47:30.992 [main] DEBUG org.springframework.beans.factory.support.DefaultListableBeanFactory - Creating shared instance of singleton bean 'org.springframework.context.support.PropertySourcesPlaceholderConfigurer#0'
2021-12-09 14:47:31.031 [main] DEBUG org.springframework.core.env.PropertySourcesPropertyResolver - Found key 'playMusic.name' in PropertySource 'localProperties' with value of type String
2021-12-09 14:47:31.032 [main] DEBUG org.springframework.core.env.PropertySourcesPropertyResolver - Found key 'playMusic.volume' in PropertySource 'localProperties' with value of type String
2021-12-09 14:47:31.036 [main] DEBUG org.springframework.beans.factory.support.DefaultListableBeanFactory - Creating shared instance of singleton bean 'musicBean'
2021-12-09 14:47:31.094 [main] DEBUG org.springframework.context.support.ClassPathXmlApplicationContext - Closing org.springframework.context.support.ClassPathXmlApplicationContext@40317ba2, started on Thu Dec 09 14:47:30 ALMT 2021
2021-12-09 14:48:01.168 [main] DEBUG org.springframework.context.support.ClassPathXmlApplicationContext - Refreshing org.springframework.context.support.ClassPathXmlApplicationContext@40317ba2
2021-12-09 14:48:01.269 [main] DEBUG org.springframework.beans.factory.xml.XmlBeanDefinitionReader - Loaded 3 bean definitions from class path resource [applicationContext.xml]
2021-12-09 14:48:01.280 [main] DEBUG org.springframework.beans.factory.support.DefaultListableBeanFactory - Creating shared instance of singleton bean 'org.springframework.context.support.PropertySourcesPlaceholderConfigurer#0'
2021-12-09 14:48:01.314 [main] DEBUG org.springframework.core.env.PropertySourcesPropertyResolver - Found key 'playMusic.name' in PropertySource 'localProperties' with value of type String
2021-12-09 14:48:01.314 [main] DEBUG org.springframework.core.env.PropertySourcesPropertyResolver - Found key 'playMusic.volume' in PropertySource 'localProperties' with value of type String
2021-12-09 14:48:01.318 [main] DEBUG org.springframework.beans.factory.support.DefaultListableBeanFactory - Creating shared instance of singleton bean 'musicBean'
2021-12-09 14:48:01.356 [main] WARN  org.example.PlayMusic - name=some name
2021-12-09 14:48:01.356 [main] ERROR org.example.PlayMusic - name=some name
2021-12-09 14:48:01.356 [main] INFO  org.example.PlayMusic - name=some name
2021-12-09 14:48:01.356 [main] DEBUG org.example.PlayMusic - name=some name
2021-12-09 14:48:01.363 [main] DEBUG org.springframework.context.support.ClassPathXmlApplicationContext - Closing org.springframework.context.support.ClassPathXmlApplicationContext@40317ba2, started on Thu Dec 09 14:48:01 ALMT 2021
2021-12-09 14:50:05.753 [main] DEBUG org.springframework.context.support.ClassPathXmlApplicationContext - Refreshing org.springframework.context.support.ClassPathXmlApplicationContext@623e088f
2021-12-09 14:50:05.841 [main] DEBUG org.springframework.beans.factory.xml.XmlBeanDefinitionReader - Loaded 3 bean definitions from class path resource [applicationContext.xml]
2021-12-09 14:50:05.851 [main] DEBUG org.springframework.beans.factory.support.DefaultListableBeanFactory - Creating shared instance of singleton bean 'org.springframework.context.support.PropertySourcesPlaceholderConfigurer#0'
2021-12-09 14:50:05.884 [main] DEBUG org.springframework.core.env.PropertySourcesPropertyResolver - Found key 'playMusic.name' in PropertySource 'localProperties' with value of type String
2021-12-09 14:50:05.885 [main] DEBUG org.springframework.core.env.PropertySourcesPropertyResolver - Found key 'playMusic.volume' in PropertySource 'localProperties' with value of type String
2021-12-09 14:50:05.889 [main] DEBUG org.springframework.beans.factory.support.DefaultListableBeanFactory - Creating shared instance of singleton bean 'musicBean'
2021-12-09 14:50:05.926 [main] WARN  org.example.PlayMusic - name=some name
2021-12-09 14:50:05.927 [main] ERROR org.example.PlayMusic - name=some name
2021-12-09 14:50:05.927 [main] INFO  org.example.PlayMusic - name=some name
2021-12-09 14:50:05.928 [main] DEBUG org.example.PlayMusic - name=some name
2021-12-09 14:50:05.935 [main] DEBUG org.springframework.context.support.ClassPathXmlApplicationContext - Closing org.springframework.context.support.ClassPathXmlApplicationContext@623e088f, started on Thu Dec 09 14:50:05 ALMT 2021
